Mode: Deploy from scratch (sandbox-e2e)
Mounting project directory: sandbox-e2e
Cleaning old test artifacts...
Restarting E2E container with project mount...
time="2026-02-19T15:02:52Z" level=info msg="Stopping container jupyter-deploy-e2e-aws-ec2-base"
time="2026-02-19T15:03:02Z" level=info msg="Removing container jupyter-deploy-e2e-aws-ec2-base"
time="2026-02-19T15:03:02Z" level=info msg="Ensuring image jupyter-deploy-e2e-aws-ec2-base:latest"
time="2026-02-19T15:03:02Z" level=info msg="Creating container jupyter-deploy-e2e-aws-ec2-base"
time="2026-02-19T15:03:02Z" level=info msg="Running [/usr/local/bin/nerdctl run --cidfile=/tmp/compose-3830478389/cid -l=com.docker.compose.project=jupyter-deploy -l=com.docker.compose.service=e2e -l=com.docker.compose.config-hash=e7ebd5c87a01ca9410fd233c546c1291719eae56a2a9cc0381d8eb725a4481d8 -d --name=jupyter-deploy-e2e-aws-ec2-base --pull=never -e=JD_E2E_VAR_OAUTH_ALLOWED_ORG=jupyter-infra -e=AWS_SHARED_CREDENTIALS_FILE=/home/testuser/.aws/credentials -e=JD_E2E_VAR_OAUTH_ALLOWED_TEAMS=[\"jupyter-deploy-e2e-app-access\"] -e=JD_E2E_VAR_DOMAIN=jggg.people.aws.dev -e=AWS_PROFILE=default -e=JD_E2E_LARGER_INSTANCE=t3.xlarge -e=AWS_CONFIG_FILE=/home/testuser/.aws/config -e=JD_E2E_SAFE_USER=ellisonbg -e=JD_E2E_CPU_INSTANCE=t3.medium -e=JD_E2E_USER=JGuinegagne -e=GITHUB_PASSWORD= -e=JD_E2E_VAR_OAUTH_APP_CLIENT_ID=Ov23licGuQHbq1t72E6q -e=JD_E2E_GPU_INSTANCE=g6.xlarge -e=GITHUB_USERNAME= -e=JD_E2E_SAFE_TEAM=jupyter-deploy-e2e-app-no-access -e=JD_E2E_VAR_OAUTH_APP_CLIENT_SECRET=6dd3bfbeb473ae945b268856a92a434a28316962 -e=JD_E2E_VAR_EMAIL=jggg@amazon.com -e=JD_E2E_VAR_OAUTH_ALLOWED_USERNAMES=[] -e=JD_E2E_ORG=jupyter-infra -e=JD_E2E_LARGER_LOG_RETENTION_DAYS=270 -e=JD_E2E_SAFE_ORG=jupyter-server -e=JD_E2E_VAR_SUBDOMAIN=e2e -e=DISPLAY=localhost:10.0 -e=JD_E2E_TEAM=jupyter-deploy-e2e-app-access --net=host --hostname=dev-dsk-jggg-1d-84c5f723.us-east-1.amazon.com --restart=no -v=/local/home/jggg/oss/jupyter-deploy/.auth:/workspace/.auth -v=/home/jggg/.aws:/home/testuser/.aws:ro -v=/tmp/.X11-unix:/tmp/.X11-unix -v=/local/home/jggg/oss/jupyter-deploy/sandbox-e2e:/workspace/sandbox-e2e -v=/local/home/jggg/oss/jupyter-deploy/test-results:/workspace/test-results -w=/workspace jupyter-deploy-e2e-aws-ec2-base:latest sleep infinity]"
Re-syncing project files after mount...
Syncing project files to E2E container...
Removing old .venv...
Copying project files...
Copying files from host to container...
Running uv sync...
warning: The `tool.uv.dev-dependencies` field (used in `pyproject.toml`) is deprecated and will be removed in a future release; use `dependency-groups.dev` instead
Using CPython 3.12.12 interpreter at: /usr/local/bin/python3.12
Creating virtual environment at: .venv
Resolved 66 packages in 1ms
Downloading pygments (1.2MiB)
Downloading playwright (43.8MiB)
Downloading botocore (12.9MiB)
Downloading mypy (11.8MiB)
Downloading pydantic-core (1.9MiB)
Downloading ruff (11.0MiB)
   Building jupyter-deploy-tf-aws-ec2-base @ file:///workspace/libs/jupyter-deploy-tf-aws-ec2-base
   Building pytest-jupyter-deploy @ file:///workspace/libs/pytest-jupyter-deploy
   Building jupyter-deploy @ file:///workspace/libs/jupyter-deploy
 Downloaded pydantic-core
 Downloaded ruff
 Downloaded pygments
 Downloaded playwright
 Downloaded mypy
 Downloaded botocore
      Built pytest-jupyter-deploy @ file:///workspace/libs/pytest-jupyter-deploy
      Built jupyter-deploy @ file:///workspace/libs/jupyter-deploy
      Built jupyter-deploy-tf-aws-ec2-base @ file:///workspace/libs/jupyter-deploy-tf-aws-ec2-base
Prepared 63 packages in 1.35s
Installed 63 packages in 166ms
 + annotated-types==0.7.0
 + boto3==1.38.23
 + boto3-stubs==1.38.23
 + botocore==1.38.23
 + botocore-stubs==1.38.19
 + certifi==2025.11.12
 + charset-normalizer==3.4.4
 + click==8.1.8
 + coverage==7.8.2
 + decorator==5.2.1
 + greenlet==3.3.0
 + idna==3.11
 + iniconfig==2.1.0
 + jmespath==1.0.1
 + jupyter-core==5.8.0
 + jupyter-deploy==0.4.1 (from file:///workspace/libs/jupyter-deploy)
 + jupyter-deploy-tf-aws-ec2-base==0.4.1 (from file:///workspace/libs/jupyter-deploy-tf-aws-ec2-base)
 + lark==1.2.2
 + markdown-it-py==3.0.0
 + mdurl==0.1.2
 + mypy==1.15.0
 + mypy-boto3-ec2==1.40.4
 + mypy-boto3-ssm==1.38.5
 + mypy-extensions==1.1.0
 + packaging==25.0
 + parameterized==0.9.0
 + pexpect==4.9.0
 + platformdirs==4.3.8
 + playwright==1.57.0
 + pluggy==1.6.0
 + ptyprocess==0.7.0
 + pydantic==2.11.5
 + pydantic-core==2.33.2
 + pyee==13.0.0
 + pygments==2.19.1
 + pytest==8.3.5
 + pytest-base-url==2.1.0
 + pytest-cov==6.1.1
 + pytest-jupyter-deploy==0.1.0 (from file:///workspace/libs/pytest-jupyter-deploy)
 + pytest-order==1.3.0
 + pytest-playwright==0.7.2
 + python-dateutil==2.9.0.post0
 + python-hcl2==7.2.1
 + python-slugify==8.0.4
 + pyyaml==6.0.2
 + requests==2.32.5
 + rich==14.0.0
 + ruff==0.11.11
 + s3transfer==0.13.0
 + shellingham==1.5.4
 + six==1.17.0
 + text-unidecode==1.3
 + tomli-w==1.2.0
 + traitlets==5.14.3
 + typer==0.16.0
 + types-awscrt==0.27.2
 + types-pexpect==4.9.0.20250916
 + types-pyyaml==6.0.12.20250516
 + types-requests==2.32.4.20260107
 + types-s3transfer==0.12.0
 + typing-extensions==4.13.2
 + typing-inspection==0.4.1
 + urllib3==2.4.0
Installing Playwright browsers...
warning: The `tool.uv.dev-dependencies` field (used in `pyproject.toml`) is deprecated and will be removed in a future release; use `dependency-groups.dev` instead
Downloading Firefox 144.0.2 (playwright build v1497) from https://cdn.playwright.dev/dbazure/download/playwright/builds/firefox/1497/firefox-debian-12.zip
(node:181) [DEP0169] DeprecationWarning: `url.parse()` behavior is not standardized and prone to errors that have security implications. Use the WHATWG URL API instead. CVEs are not issued for `url.parse()` vulnerabilities.
(Use `node --trace-deprecation ...` to show where the warning was created)
|                                                                                |   0% of 98.4 MiB
|■■■■■■■■                                                                        |  10% of 98.4 MiB
|■■■■■■■■■■■■■■■■                                                                |  20% of 98.4 MiB
|■■■■■■■■■■■■■■■■■■■■■■■■                                                        |  30% of 98.4 MiB
|■■■■■■■■■■■■■■■■■■■■■■■■■■■■■■■■                                                |  40% of 98.4 MiB
|■■■■■■■■■■■■■■■■■■■■■■■■■■■■■■■■■■■■■■■■                                        |  50% of 98.4 MiB
|■■■■■■■■■■■■■■■■■■■■■■■■■■■■■■■■■■■■■■■■■■■■■■■■                                |  60% of 98.4 MiB
|■■■■■■■■■■■■■■■■■■■■■■■■■■■■■■■■■■■■■■■■■■■■■■■■■■■■■■■■                        |  70% of 98.4 MiB
|■■■■■■■■■■■■■■■■■■■■■■■■■■■■■■■■■■■■■■■■■■■■■■■■■■■■■■■■■■■■■■■■                |  80% of 98.4 MiB
|■■■■■■■■■■■■■■■■■■■■■■■■■■■■■■■■■■■■■■■■■■■■■■■■■■■■■■■■■■■■■■■■■■■■■■■■        |  90% of 98.4 MiB
|■■■■■■■■■■■■■■■■■■■■■■■■■■■■■■■■■■■■■■■■■■■■■■■■■■■■■■■■■■■■■■■■■■■■■■■■■■■■■■■■| 100% of 98.4 MiB
Firefox 144.0.2 (playwright build v1497) downloaded to /home/testuser/.cache/ms-playwright/firefox-1497
✓ E2E container synced successfully
Verifying test-results directory is writable...
✓ test-results directory is writable
Options: mutate=true
  - mutating tests: enabled
Running E2E tests for project: sandbox-e2e
Test filter: 
================================================
warning: The `tool.uv.dev-dependencies` field (used in `pyproject.toml`) is deprecated and will be removed in a future release; use `dependency-groups.dev` instead
============================= test session starts ==============================
platform linux -- Python 3.12.12, pytest-8.3.5, pluggy-1.6.0 -- /workspace/.venv/bin/python
cachedir: .pytest_cache
rootdir: /workspace
configfile: pyproject.toml
plugins: cov-6.1.1, jupyter-deploy-0.1.0, base-url-2.1.0, order-1.3.0, playwright-0.7.2
collecting ... collected 1423 items / 1342 deselected / 81 selected

libs/jupyter-deploy-tf-aws-ec2-base/tests/e2e/test_deployment.py::test_immediately_available_after_deployment[firefox] PASSED [  1%]
libs/jupyter-deploy-tf-aws-ec2-base/tests/e2e/test_deployment.py::test_deployment_history_captured PASSED [  2%]
libs/jupyter-deploy-tf-aws-ec2-base/tests/e2e/test_external_volumes.py::test_external_volumes_provisioning[firefox] PASSED [  3%]
libs/jupyter-deploy-tf-aws-ec2-base/tests/e2e/test_external_volumes.py::test_external_volumes_ebs PASSED [  4%]
libs/jupyter-deploy-tf-aws-ec2-base/tests/e2e/test_external_volumes.py::test_external_volumes_efs PASSED [  6%]
libs/jupyter-deploy-tf-aws-ec2-base/tests/e2e/test_config_apply.py::test_upgrade_config[firefox] PASSED [  7%]
libs/jupyter-deploy-tf-aws-ec2-base/tests/e2e/test_gpu.py::test_switch_to_gpu[firefox] PASSED [  8%]
libs/jupyter-deploy-tf-aws-ec2-base/tests/e2e/test_gpu.py::test_run_gpu_notebook[firefox] PASSED [  9%]
libs/jupyter-deploy-tf-aws-ec2-base/tests/e2e/test_gpu.py::test_switch_from_gpu_to_cpu[firefox] PASSED [ 11%]
libs/jupyter-deploy-tf-aws-ec2-base/tests/e2e/test_pixi.py::test_pixi_switch_to_pixi[firefox] PASSED [ 12%]
libs/jupyter-deploy-tf-aws-ec2-base/tests/e2e/test_pixi.py::test_pixi_install_and_persist[firefox] PASSED [ 13%]
libs/jupyter-deploy-tf-aws-ec2-base/tests/e2e/test_pixi.py::test_pixi_environment_recovery[firefox] PASSED [ 14%]
libs/jupyter-deploy-tf-aws-ec2-base/tests/e2e/test_uv.py::test_uv_switch_to_uv[firefox] PASSED [ 16%]
libs/jupyter-deploy-tf-aws-ec2-base/tests/e2e/test_uv.py::test_uv_install_and_persist[firefox] PASSED [ 17%]
libs/jupyter-deploy-tf-aws-ec2-base/tests/e2e/test_uv.py::test_uv_environment_recovery[firefox] PASSED [ 18%]
libs/jupyter-deploy-tf-aws-ec2-base/tests/e2e/test_application.py::test_application_simple_python[firefox] PASSED [ 19%]
libs/jupyter-deploy-tf-aws-ec2-base/tests/e2e/test_org_and_teams.py::test_org_based_admit_positive[firefox] 
-------------------------------- live log call ---------------------------------
INFO     pytest_jupyter_deploy.oauth2_proxy.github:github.py:199 GitHub reauthorization detected.
PASSED                                                                   [ 20%]
libs/jupyter-deploy-tf-aws-ec2-base/tests/e2e/test_org_and_teams.py::test_org_based_admit_negative[firefox] PASSED [ 22%]
libs/jupyter-deploy-tf-aws-ec2-base/tests/e2e/test_org_and_teams.py::test_team_based_admit_positive[firefox] PASSED [ 23%]
libs/jupyter-deploy-tf-aws-ec2-base/tests/e2e/test_org_and_teams.py::test_team_based_admit_negative[firefox] PASSED [ 24%]
libs/jupyter-deploy-tf-aws-ec2-base/tests/e2e/test_org_and_teams.py::test_diff_org_team_admit_negative[firefox] PASSED [ 25%]
libs/jupyter-deploy-tf-aws-ec2-base/tests/e2e/test_org_and_teams.py::test_add_and_remove_multiple_teams[firefox] PASSED [ 27%]
libs/jupyter-deploy-tf-aws-ec2-base/tests/e2e/test_org_and_teams.py::test_unset_org_admit_negative[firefox] PASSED [ 28%]
libs/jupyter-deploy-tf-aws-ec2-base/tests/e2e/test_org_and_teams.py::test_disallow_to_unset_org_when_no_user_allowlisted[firefox] PASSED [ 29%]
libs/jupyter-deploy-tf-aws-ec2-base/tests/e2e/test_org_and_teams.py::test_add_team_when_there_was_none_restricts_access[firefox] PASSED [ 30%]
libs/jupyter-deploy-tf-aws-ec2-base/tests/e2e/test_org_and_teams.py::test_org_team_and_user_match_all_grant_access[firefox] 
-------------------------------- live log call ---------------------------------
INFO     pytest_jupyter_deploy.oauth2_proxy.github:github.py:199 GitHub reauthorization detected.
PASSED                                                                   [ 32%]
libs/jupyter-deploy-tf-aws-ec2-base/tests/e2e/test_server.py::test_server_running[firefox] PASSED [ 33%]
libs/jupyter-deploy-tf-aws-ec2-base/tests/e2e/test_server.py::test_stop_server[firefox] PASSED [ 34%]
libs/jupyter-deploy-tf-aws-ec2-base/tests/e2e/test_server.py::test_start_server[firefox] PASSED [ 35%]
libs/jupyter-deploy-tf-aws-ec2-base/tests/e2e/test_server.py::test_all_service_logs[firefox] PASSED [ 37%]
libs/jupyter-deploy-tf-aws-ec2-base/tests/e2e/test_users.py::test_admit_user_positive[firefox] PASSED [ 38%]
libs/jupyter-deploy-tf-aws-ec2-base/tests/e2e/test_users.py::test_admit_user_negative[firefox] PASSED [ 39%]
libs/jupyter-deploy-tf-aws-ec2-base/tests/e2e/test_users.py::test_add_user[firefox] PASSED [ 40%]
libs/jupyter-deploy-tf-aws-ec2-base/tests/e2e/test_users.py::test_remove_user[firefox] PASSED [ 41%]
libs/jupyter-deploy-tf-aws-ec2-base/tests/e2e/test_users.py::test_add_and_remove_multiple_users[firefox] PASSED [ 43%]
libs/jupyter-deploy-tf-aws-ec2-base/tests/e2e/test_users.py::test_disallow_to_remove_all_users_when_no_org_allowlisted[firefox] 
-------------------------------- live log call ---------------------------------
INFO     pytest_jupyter_deploy.oauth2_proxy.github:github.py:199 GitHub reauthorization detected.
PASSED                                                                   [ 44%]
libs/jupyter-deploy-tf-aws-ec2-base/tests/e2e/test_config_interactive.py::test_config_interactive PASSED [ 45%]
libs/jupyter-deploy-tf-aws-ec2-base/tests/e2e/test_config_interactive.py::test_config_interactive_verbose PASSED [ 46%]
libs/jupyter-deploy-tf-aws-ec2-base/tests/e2e/test_config_set.py::test_config_help_show_variables PASSED [ 48%]
libs/jupyter-deploy-tf-aws-ec2-base/tests/e2e/test_config_set.py::test_config_set_string_variable PASSED [ 49%]
libs/jupyter-deploy-tf-aws-ec2-base/tests/e2e/test_config_set.py::test_config_set_list_string_variable PASSED [ 50%]
libs/jupyter-deploy-tf-aws-ec2-base/tests/e2e/test_config_set.py::test_config_set_list_of_dict_variable PASSED [ 51%]
libs/jupyter-deploy-tf-aws-ec2-base/tests/e2e/test_config_set.py::test_config_set_string_variable_with_verbose PASSED [ 53%]
libs/jupyter-deploy-tf-aws-ec2-base/tests/e2e/test_configuration.py::test_project_is_configurable PASSED [ 54%]
libs/jupyter-deploy-tf-aws-ec2-base/tests/e2e/test_configuration.py::test_gitignore_generated_after_init PASSED [ 55%]
libs/jupyter-deploy-tf-aws-ec2-base/tests/e2e/test_configuration.py::test_troubleshoot_md_exists_after_init PASSED [ 56%]
libs/jupyter-deploy-tf-aws-ec2-base/tests/e2e/test_configuration.py::test_agent_md_generated_after_init PASSED [ 58%]
libs/jupyter-deploy-tf-aws-ec2-base/tests/e2e/test_history.py::test_history_list_config_shows_existing_logs PASSED [ 59%]
libs/jupyter-deploy-tf-aws-ec2-base/tests/e2e/test_history.py::test_history_list_up_shows_existing_logs PASSED [ 60%]
libs/jupyter-deploy-tf-aws-ec2-base/tests/e2e/test_history.py::test_history_show_latest_without_command PASSED [ 61%]
libs/jupyter-deploy-tf-aws-ec2-base/tests/e2e/test_history.py::test_history_show_config_command PASSED [ 62%]
libs/jupyter-deploy-tf-aws-ec2-base/tests/e2e/test_history.py::test_history_show_up_command PASSED [ 64%]
libs/jupyter-deploy-tf-aws-ec2-base/tests/e2e/test_history.py::test_history_show_up_command_slice PASSED [ 65%]
libs/jupyter-deploy-tf-aws-ec2-base/tests/e2e/test_history.py::test_history_clear_with_high_keep_value PASSED [ 66%]
libs/jupyter-deploy-tf-aws-ec2-base/tests/e2e/test_home_volume.py::test_fs_operations PASSED [ 67%]
libs/jupyter-deploy-tf-aws-ec2-base/tests/e2e/test_host.py::test_host_running PASSED [ 69%]
libs/jupyter-deploy-tf-aws-ec2-base/tests/e2e/test_host.py::test_host_stop PASSED [ 70%]
libs/jupyter-deploy-tf-aws-ec2-base/tests/e2e/test_host.py::test_host_start PASSED [ 71%]
libs/jupyter-deploy-tf-aws-ec2-base/tests/e2e/test_host.py::test_host_connect_whoami FAILED [ 72%]
libs/jupyter-deploy-tf-aws-ec2-base/tests/e2e/test_host.py::test_host_exec_simple_command PASSED [ 74%]
libs/jupyter-deploy-tf-aws-ec2-base/tests/e2e/test_host.py::test_host_exec_disk_usage PASSED [ 75%]
libs/jupyter-deploy-tf-aws-ec2-base/tests/e2e/test_host.py::test_host_exec_failed_command PASSED [ 76%]
libs/jupyter-deploy-tf-aws-ec2-base/tests/e2e/test_open.py::test_open_show_correct_url PASSED [ 77%]
libs/jupyter-deploy-tf-aws-ec2-base/tests/e2e/test_server.py::test_server_logs PASSED [ 79%]
libs/jupyter-deploy-tf-aws-ec2-base/tests/e2e/test_server.py::test_server_logs_piped_command PASSED [ 80%]
libs/jupyter-deploy-tf-aws-ec2-base/tests/e2e/test_server.py::test_server_exec_default_to_jupyter PASSED [ 81%]
libs/jupyter-deploy-tf-aws-ec2-base/tests/e2e/test_server.py::test_server_exec_all_services PASSED [ 82%]
libs/jupyter-deploy-tf-aws-ec2-base/tests/e2e/test_server.py::test_server_exec_failed_command PASSED [ 83%]
libs/jupyter-deploy-tf-aws-ec2-base/tests/e2e/test_server.py::test_server_connect_default_service PASSED [ 85%]
libs/jupyter-deploy-tf-aws-ec2-base/tests/e2e/test_server.py::test_server_connect_jupyter PASSED [ 86%]
libs/jupyter-deploy-tf-aws-ec2-base/tests/e2e/test_server.py::test_server_connect_traefik PASSED [ 87%]
libs/jupyter-deploy-tf-aws-ec2-base/tests/e2e/test_show.py::test_show_variables_list_matches_config PASSED [ 88%]
libs/jupyter-deploy-tf-aws-ec2-base/tests/e2e/test_show.py::test_show_outputs_list_returns_expected_outputs PASSED [ 90%]
libs/jupyter-deploy-tf-aws-ec2-base/tests/e2e/test_show.py::test_show_variable_domain_matches_config PASSED [ 91%]
libs/jupyter-deploy-tf-aws-ec2-base/tests/e2e/test_show.py::test_show_output_jupyter_url_matches_variables PASSED [ 92%]
libs/jupyter-deploy-tf-aws-ec2-base/tests/e2e/test_show.py::test_show_default_does_not_error PASSED [ 93%]
libs/jupyter-deploy-tf-aws-ec2-base/tests/e2e/test_show.py::test_show_template_name_matches_manifest PASSED [ 95%]
libs/jupyter-deploy-tf-aws-ec2-base/tests/e2e/test_show.py::test_show_template_version_matches_manifest PASSED [ 96%]
libs/jupyter-deploy-tf-aws-ec2-base/tests/e2e/test_undeployed_project.py::test_open_does_not_error PASSED [ 97%]
libs/jupyter-deploy-tf-aws-ec2-base/tests/e2e/test_undeployed_project.py::test_show_does_not_error PASSED [ 98%]
libs/jupyter-deploy-tf-aws-ec2-base/tests/e2e/test_undeployed_project.py::test_show_variable_instance_type_does_not_error PASSED [100%]

=================================== FAILURES ===================================
___________________________ test_host_connect_whoami ___________________________

self = <pytest_jupyter_deploy.cli.JDCli object at 0x7fe58d464500>
cmd = ['jupyter-deploy', 'server', 'status'], timeout_seconds = None
capture_output = True

    def run_command(
        self,
        cmd: list[str],
        timeout_seconds: int | None = None,
        capture_output: bool = True,
    ) -> subprocess.CompletedProcess[str]:
        """Run a command from the project directory.
    
        Args:
            cmd: Command to run
            cwd: Working directory for command
            timeout_seconds: Command timeout in seconds
            capture_output: Whether to capture stdout/stderr
    
        Returns:
            CompletedProcess instance
    
        Raises:
            JDCliError: If command fails
            JDCliTimeoutError: If command times out
        """
        with jd_cmd_utils.switch_dir(self.project_dir):
            try:
>               result = subprocess.run(
                    cmd,
                    check=True,
                    timeout=timeout_seconds,
                    capture_output=capture_output,
                    text=True,
                )

libs/pytest-jupyter-deploy/pytest_jupyter_deploy/cli.py:53: 
_ _ _ _ _ _ _ _ _ _ _ _ _ _ _ _ _ _ _ _ _ _ _ _ _ _ _ _ _ _ _ _ _ _ _ _ _ _ _ _ 

input = None, capture_output = True, timeout = None, check = True
popenargs = (['jupyter-deploy', 'server', 'status'],)
kwargs = {'stderr': -1, 'stdout': -1, 'text': True}
process = <Popen: returncode: 1 args: ['jupyter-deploy', 'server', 'status']>
stdout = "❌ Instance 'i-081a69ea359cf879b' is not reporting to SSM\n\n💡 verify that your host is running: jd host status\n🔧 or try restarting it: jd host restart\n"
stderr = '', retcode = 1

    def run(*popenargs,
            input=None, capture_output=False, timeout=None, check=False, **kwargs):
        """Run command with arguments and return a CompletedProcess instance.
    
        The returned instance will have attributes args, returncode, stdout and
        stderr. By default, stdout and stderr are not captured, and those attributes
        will be None. Pass stdout=PIPE and/or stderr=PIPE in order to capture them,
        or pass capture_output=True to capture both.
    
        If check is True and the exit code was non-zero, it raises a
        CalledProcessError. The CalledProcessError object will have the return code
        in the returncode attribute, and output & stderr attributes if those streams
        were captured.
    
        If timeout (seconds) is given and the process takes too long,
         a TimeoutExpired exception will be raised.
    
        There is an optional argument "input", allowing you to
        pass bytes or a string to the subprocess's stdin.  If you use this argument
        you may not also use the Popen constructor's "stdin" argument, as
        it will be used internally.
    
        By default, all communication is in bytes, and therefore any "input" should
        be bytes, and the stdout and stderr will be bytes. If in text mode, any
        "input" should be a string, and stdout and stderr will be strings decoded
        according to locale encoding, or by "encoding" if set. Text mode is
        triggered by setting any of text, encoding, errors or universal_newlines.
    
        The other arguments are the same as for the Popen constructor.
        """
        if input is not None:
            if kwargs.get('stdin') is not None:
                raise ValueError('stdin and input arguments may not both be used.')
            kwargs['stdin'] = PIPE
    
        if capture_output:
            if kwargs.get('stdout') is not None or kwargs.get('stderr') is not None:
                raise ValueError('stdout and stderr arguments may not be used '
                                 'with capture_output.')
            kwargs['stdout'] = PIPE
            kwargs['stderr'] = PIPE
    
        with Popen(*popenargs, **kwargs) as process:
            try:
                stdout, stderr = process.communicate(input, timeout=timeout)
            except TimeoutExpired as exc:
                process.kill()
                if _mswindows:
                    # Windows accumulates the output in a single blocking
                    # read() call run on child threads, with the timeout
                    # being done in a join() on those threads.  communicate()
                    # _after_ kill() is required to collect that and add it
                    # to the exception.
                    exc.stdout, exc.stderr = process.communicate()
                else:
                    # POSIX _communicate already populated the output so
                    # far into the TimeoutExpired exception.
                    process.wait()
                raise
            except:  # Including KeyboardInterrupt, communicate handled that.
                process.kill()
                # We don't call process.wait() as .__exit__ does that for us.
                raise
            retcode = process.poll()
            if check and retcode:
>               raise CalledProcessError(retcode, process.args,
                                         output=stdout, stderr=stderr)
E               subprocess.CalledProcessError: Command '['jupyter-deploy', 'server', 'status']' returned non-zero exit status 1.

/usr/local/lib/python3.12/subprocess.py:571: CalledProcessError

The above exception was the direct cause of the following exception:

e2e_deployment = <pytest_jupyter_deploy.deployment.EndToEndDeployment object at 0x7fe58d3fa9f0>

    def test_host_connect_whoami(e2e_deployment: EndToEndDeployment) -> None:
        """Test that we can connect to the host via SSM and run a simple command."""
        # Prerequisites
        e2e_deployment.ensure_host_running()
>       e2e_deployment.wait_for_ssm_ready()

libs/jupyter-deploy-tf-aws-ec2-base/tests/e2e/test_host.py:49: 
_ _ _ _ _ _ _ _ _ _ _ _ _ _ _ _ _ _ _ _ _ _ _ _ _ _ _ _ _ _ _ _ _ _ _ _ _ _ _ _ 
libs/pytest-jupyter-deploy/pytest_jupyter_deploy/deployment.py:319: in wait_for_ssm_ready
    self.cli.get_server_status()
libs/pytest-jupyter-deploy/pytest_jupyter_deploy/cli.py:104: in get_server_status
    result = self.run_command(["jupyter-deploy", "server", "status"])
_ _ _ _ _ _ _ _ _ _ _ _ _ _ _ _ _ _ _ _ _ _ _ _ _ _ _ _ _ _ _ _ _ _ _ _ _ _ _ _ 

self = <pytest_jupyter_deploy.cli.JDCli object at 0x7fe58d464500>
cmd = ['jupyter-deploy', 'server', 'status'], timeout_seconds = None
capture_output = True

    def run_command(
        self,
        cmd: list[str],
        timeout_seconds: int | None = None,
        capture_output: bool = True,
    ) -> subprocess.CompletedProcess[str]:
        """Run a command from the project directory.
    
        Args:
            cmd: Command to run
            cwd: Working directory for command
            timeout_seconds: Command timeout in seconds
            capture_output: Whether to capture stdout/stderr
    
        Returns:
            CompletedProcess instance
    
        Raises:
            JDCliError: If command fails
            JDCliTimeoutError: If command times out
        """
        with jd_cmd_utils.switch_dir(self.project_dir):
            try:
                result = subprocess.run(
                    cmd,
                    check=True,
                    timeout=timeout_seconds,
                    capture_output=capture_output,
                    text=True,
                )
                return result
            except subprocess.CalledProcessError as e:
                error_msg = f"Failed to run '{cmd}': Command '{e.cmd}' returned non-zero exit status {e.returncode}."
                if e.stdout:
                    error_msg += f"\nStdout: {e.stdout}"
                if e.stderr:
                    error_msg += f"\nStderr: {e.stderr}"
>               raise JDCliError(error_msg) from e
E               pytest_jupyter_deploy.cli.JDCliError: Failed to run '['jupyter-deploy', 'server', 'status']': Command '['jupyter-deploy', 'server', 'status']' returned non-zero exit status 1.
E               Stdout: ❌ Instance 'i-081a69ea359cf879b' is not reporting to SSM
E               
E               💡 verify that your host is running: jd host status
E               🔧 or try restarting it: jd host restart

libs/pytest-jupyter-deploy/pytest_jupyter_deploy/cli.py:67: JDCliError
=============================== warnings summary ===============================
.venv/lib/python3.12/site-packages/jupyter_core/application.py:23
  /workspace/.venv/lib/python3.12/site-packages/jupyter_core/application.py:23: DeprecationWarning: Jupyter is migrating its paths to use standard platformdirs
  given by the platformdirs library.  To remove this warning and
  see the appropriate new directories, set the environment variable
  `JUPYTER_PLATFORM_DIRS=1` and then run `jupyter --paths`.
  The use of platformdirs will be the default in `jupyter_core` v6
    from .paths import (

libs/jupyter-deploy-tf-aws-ec2-base/tests/e2e/test_config_interactive.py::test_config_interactive
libs/jupyter-deploy-tf-aws-ec2-base/tests/e2e/test_config_interactive.py::test_config_interactive_verbose
libs/jupyter-deploy-tf-aws-ec2-base/tests/e2e/test_server.py::test_server_connect_default_service
libs/jupyter-deploy-tf-aws-ec2-base/tests/e2e/test_server.py::test_server_connect_jupyter
libs/jupyter-deploy-tf-aws-ec2-base/tests/e2e/test_server.py::test_server_connect_traefik
  /usr/local/lib/python3.12/pty.py:95: DeprecationWarning: This process (pid=389) is multi-threaded, use of forkpty() may lead to deadlocks in the child.
    pid, fd = os.forkpty()

-- Docs: https://docs.pytest.org/en/stable/how-to/capture-warnings.html
=========================== short test summary info ============================
FAILED libs/jupyter-deploy-tf-aws-ec2-base/tests/e2e/test_host.py::test_host_connect_whoami
==== 1 failed, 80 passed, 1342 deselected, 6 warnings in 5007.94s (1:23:27) ====
time="2026-02-19T16:26:37Z" level=fatal msg="exec failed with exit code 1"
error: Recipe `test-e2e` failed with exit code 1
